<?xml version="1.0" encoding="UTF-8"?>
<!-- Generated by org.testng.reporters.JUnitXMLReporter -->
<testsuite ignored="0" hostname="Sagar" failures="6" tests="26" name="Test" time="165.749" errors="0" timestamp="2023-10-22T19:26:36 IST">
  <testcase classname="testCases.CheckoutOverviewTest" name="verifyLabelOfApplicationTest" time="1.518">
    <failure type="java.lang.AssertionError" message="expected [Checkout: Overview] but found [https://www.saucedemo.com/checkout-step-one.html]">
      <![CDATA[java.lang.AssertionError: expected [Checkout: Overview] but found [https://www.saucedemo.com/checkout-step-one.html]
at testCases.CheckoutOverviewTest.verifyLabelOfApplicationTest(CheckoutOverviewTest.java:48)
at java.base/java.util.ArrayList.forEach(ArrayList.java:1511)
... Removed 33 stack frames]]>
    </failure>
  </testcase> <!-- verifyLabelOfApplicationTest -->
  <testcase classname="testCases.CheckoutOverviewTest" name="verifycancelBtnTest" time="0.113"/>
  <testcase classname="testCases.CheckoutOverviewTest" name="verifyfinishBtnTest" time="0.156"/>
  <testcase classname="testCases.CheckoutOverviewTest" name="verifypaymentInfoLabelTest" time="0.071"/>
  <testcase classname="testCases.CheckoutOverviewTest" name="verifypriceTotalLabelTest" time="0.057"/>
  <testcase classname="testCases.CheckoutOverviewTest" name="verifyshoppingInfoLabelTest" time="0.078"/>
  <testcase classname="testCases.CheckoutPage3Test" name="verifybackHomeBtnTest" time="0.109"/>
  <testcase classname="testCases.CheckoutPage3Test" name="verifyimageTest" time="0.055"/>
  <testcase classname="testCases.CheckoutPage3Test" name="verifythankYouTxtTest" time="0.074"/>
  <testcase classname="testCases.CheckoutPage3Test" name="verifytitleOfCheckoutCompleteTest" time="0.036">
    <failure type="java.lang.NullPointerException" message="Cannot invoke &amp;quot;org.apache.poi.ss.usermodel.Cell.getStringCellValue()&amp;quot; because the return value of &amp;quot;org.apache.poi.ss.usermodel.Row.getCell(int)&amp;quot; is null">
      <![CDATA[java.lang.NullPointerException: Cannot invoke "org.apache.poi.ss.usermodel.Cell.getStringCellValue()" because the return value of "org.apache.poi.ss.usermodel.Row.getCell(int)" is null
at utility.ReadData.readExcel(ReadData.java:24)
at testCases.CheckoutPage3Test.verifytitleOfCheckoutCompleteTest(CheckoutPage3Test.java:50)
at java.base/java.util.ArrayList.forEach(ArrayList.java:1511)
... Removed 27 stack frames]]>
    </failure>
  </testcase> <!-- verifytitleOfCheckoutCompleteTest -->
  <testcase classname="testCases.CheckoutPage3Test" name="verifyyourOrderTxtTest" time="0.07"/>
  <testcase classname="testCases.CheckoutPage1Test" name="inputInfoTest" time="0.294"/>
  <testcase classname="testCases.CheckoutPage1Test" name="verifyURLOfCheckOutPage1Test" time="0.045">
    <failure type="java.lang.AssertionError" message="expected [https://www.saucedemo.com/checkout-step-one.html] but found [4]">
      <![CDATA[java.lang.AssertionError: expected [https://www.saucedemo.com/checkout-step-one.html] but found [4]
at testCases.CheckoutPage1Test.verifyURLOfCheckOutPage1Test(CheckoutPage1Test.java:44)
at java.base/java.util.ArrayList.forEach(ArrayList.java:1511)
... Removed 33 stack frames]]>
    </failure>
  </testcase> <!-- verifyURLOfCheckOutPage1Test -->
  <testcase classname="testCases.CartPageTest" name="VerifyverifyTitleCartPageTest" time="0.053"/>
  <testcase classname="testCases.CartPageTest" name="verifyURLOfApplicationTest" time="0.038">
    <failure type="java.lang.AssertionError" message="expected [https://www.saucedemo.com/cart.html] but found [Swag Labs]">
      <![CDATA[java.lang.AssertionError: expected [https://www.saucedemo.com/cart.html] but found [Swag Labs]
at testCases.CartPageTest.verifyURLOfApplicationTest(CartPageTest.java:40)
at java.base/java.util.ArrayList.forEach(ArrayList.java:1511)
... Removed 33 stack frames]]>
    </failure>
  </testcase> <!-- verifyURLOfApplicationTest -->
  <testcase classname="testCases.LoginPageTest" name="LoginToApplicationTest" time="0.333"/>
  <testcase classname="testCases.LoginPageTest" name="verifyTitleOfApplicationTest" time="0.047"/>
  <testcase classname="testCases.LoginPageTest" name="verifyURLOfApplicationTest" time="0.013">
    <failure type="java.lang.NullPointerException" message="Cannot invoke &amp;quot;org.apache.poi.ss.usermodel.Row.getCell(int)&amp;quot; because the return value of &amp;quot;org.apache.poi.ss.usermodel.Sheet.getRow(int)&amp;quot; is null">
      <![CDATA[java.lang.NullPointerException: Cannot invoke "org.apache.poi.ss.usermodel.Row.getCell(int)" because the return value of "org.apache.poi.ss.usermodel.Sheet.getRow(int)" is null
at utility.ReadData.readExcel(ReadData.java:24)
at testCases.LoginPageTest.verifyURLOfApplicationTest(LoginPageTest.java:28)
at java.base/java.util.ArrayList.forEach(ArrayList.java:1511)
... Removed 27 stack frames]]>
    </failure>
  </testcase> <!-- verifyURLOfApplicationTest -->
  <testcase classname="testCases.Inventory_Page_Test" name="add6ProductTest" time="0.415"/>
  <testcase classname="testCases.Inventory_Page_Test" name="addToCartTest" time="0.036"/>
  <testcase classname="testCases.Inventory_Page_Test" name="remove2Products" time="3.446"/>
  <testcase classname="testCases.Inventory_Page_Test" name="verifyFacebookLogoTest" time="0.032"/>
  <testcase classname="testCases.Inventory_Page_Test" name="verifyLinkedinLogoTest" time="0.033"/>
  <testcase classname="testCases.Inventory_Page_Test" name="verifyProductLableTest" time="0.072">
    <failure type="java.lang.AssertionError" message="expected [Products] but found [https://www.saucedemo.com/checkout-step-two.html]">
      <![CDATA[java.lang.AssertionError: expected [Products] but found [https://www.saucedemo.com/checkout-step-two.html]
at testCases.Inventory_Page_Test.verifyProductLableTest(Inventory_Page_Test.java:34)
at java.base/java.util.ArrayList.forEach(ArrayList.java:1511)
... Removed 33 stack frames]]>
    </failure>
  </testcase> <!-- verifyProductLableTest -->
  <testcase classname="testCases.Inventory_Page_Test" name="verifyTitleTest" time="0.033"/>
  <testcase classname="testCases.Inventory_Page_Test" name="verifyTwitterLogoTest" time="0.041"/>
</testsuite> <!-- Test -->
